<?xml version="1.0" encoding="UTF-8"?>
<testng-results skipped="0" failed="0" total="0" passed="0">
  <reporter-output>
  </reporter-output>
  <suite name="SlovoServiceTest" duration-ms="5" started-at="2017-06-05T12:48:45Z" finished-at="2017-06-05T12:48:45Z">
    <groups>
    </groups>
    <test name="Command line test" duration-ms="5" started-at="2017-06-05T12:48:45Z" finished-at="2017-06-05T12:48:45Z">
    </test> <!-- Command line test -->
  </suite> <!-- SlovoServiceTest -->
</testng-results>
